<?xml version="1.0" encoding="UTF-8"?>
<!-- Generated by org.testng.reporters.JUnitXMLReporter -->
<testsuite hostname="DESKTOP-2MDJGKN" name="Test(failed)" tests="1" failures="1" timestamp="25 Jul 2020 05:47:24 GMT" time="19.486" errors="0">
  <testcase name="clickGmail" time="19.179" classname="Tests.Test2">
    <failure type="java.lang.AssertionError" message="expected [true] but found [false]">
      <![CDATA[java.lang.AssertionError: expected [true] but found [false]
	at Tests.Test2.clickGmail(Test2.java:12)
... Removed 28 stack frames]]>
    </failure>
  </testcase> <!-- clickGmail -->
</testsuite> <!-- Test(failed) -->
