<?xml version="1.0" encoding="UTF-8"?>
<!-- Generated by org.testng.reporters.JUnitXMLReporter -->
<testsuite hostname="DESKTOP-2MDJGKN" ignored="0" name="Test" tests="2" failures="1" timestamp="26 Jul 2020 15:02:12 GMT" time="33.791" errors="0">
  <testcase name="getTitle" time="18.355" classname="Tests.Test1"/>
  <testcase name="clickGmail" time="15.362" classname="Tests.Test2">
    <failure type="java.lang.AssertionError" message="expected [true] but found [false]">
      <![CDATA[java.lang.AssertionError: expected [true] but found [false]
at Tests.Test2.clickGmail(Test2.java:12)
... Removed 33 stack frames]]>
    </failure>
  </testcase> <!-- clickGmail -->
</testsuite> <!-- Test -->
