<?xml version="1.0" encoding="UTF-8"?>
<!-- Generated by org.testng.reporters.JUnitXMLReporter -->
<testsuite hostname="DESKTOP-2MDJGKN" name="Test" tests="2" failures="1" timestamp="26 Jul 2020 12:36:06 GMT" time="32.446" errors="0">
  <testcase name="getTitle" time="18.211" classname="Tests.Test1"/>
  <testcase name="clickGmail" time="14.179" classname="Tests.Test2">
    <failure type="java.lang.AssertionError" message="expected [true] but found [false]">
      <![CDATA[java.lang.AssertionError: expected [true] but found [false]
	at Tests.Test2.clickGmail(Test2.java:12)
... Removed 28 stack frames]]>
    </failure>
  </testcase> <!-- clickGmail -->
</testsuite> <!-- Test -->
