<?xml version="1.0" encoding="UTF-8"?>
<testng-results skipped="0" failed="0" ignored="0" total="1" passed="1">
  <reporter-output>
  </reporter-output>
  <suite name="Suite" duration-ms="17043" started-at="2020-07-19T19:41:04 IST" finished-at="2020-07-19T19:41:21 IST">
    <groups>
    </groups>
    <test name="Test" duration-ms="17043" started-at="2020-07-19T19:41:04 IST" finished-at="2020-07-19T19:41:21 IST">
      <class name="Tests.Test1">
        <test-method status="PASS" signature="launchGoogle()[pri:0, instance:Tests.Test1@4e1d422d]" name="launchGoogle" duration-ms="16935" started-at="2020-07-19T19:41:04 IST" finished-at="2020-07-19T19:41:21 IST">
          <reporter-output>
          </reporter-output>
        </test-method> <!-- launchGoogle -->
      </class> <!-- Tests.Test1 -->
    </test> <!-- Test -->
  </suite> <!-- Suite -->
</testng-results>
